<?xml version="1.0" encoding="UTF-8"?>
<!-- Generated by org.testng.reporters.JUnitXMLReporter -->
<testsuite hostname="Dorotheas-MacBook-Air.local" name="Default test" tests="27" failures="0" timestamp="13 May 2014 16:10:52 GMT" time="210.293" errors="0">
  <testcase name="@BeforeMethod beforeMethod" time="0.0" classname="seleniumTest.safariTest.SafariTest_editTask">
    <failure type="org.openqa.selenium.remote.UnreachableBrowserException" message="Error communicating with the remote browser. It may have died.
Build info: version: &amp;apos;2.41.0&amp;apos;, revision: &amp;apos;3192d8a6c4449dc285928ba024779344f5423c58&amp;apos;, time: &amp;apos;2014-03-27 11:29:39&amp;apos;
System info: host: &amp;apos;Dorotheas-MacBook-Air.local&amp;apos;, ip: &amp;apos;192.168.1.10&amp;apos;, os.name: &amp;apos;Mac OS X&amp;apos;, os.arch: &amp;apos;x86_64&amp;apos;, os.version: &amp;apos;10.9.2&amp;apos;, java.version: &amp;apos;1.7.0_45&amp;apos;
Driver info: driver.version: RemoteWebDriver">
      <![CDATA[org.openqa.selenium.remote.UnreachableBrowserException: Error communicating with the remote browser. It may have died.
Build info: version: '2.41.0', revision: '3192d8a6c4449dc285928ba024779344f5423c58', time: '2014-03-27 11:29:39'
System info: host: 'Dorotheas-MacBook-Air.local', ip: '192.168.1.10', os.name: 'Mac OS X', os.arch: 'x86_64', os.version: '10.9.2', java.version: '1.7.0_45'
Driver info: driver.version: RemoteWebDriver
	at org.openqa.selenium.remote.RemoteWebDriver.execute(RemoteWebDriver.java:589)
	at org.openqa.selenium.remote.RemoteWebDriver.get(RemoteWebDriver.java:300)
	at seleniumTest.WebDriver.WebDriverTest_editTask.beforeMethod(WebDriverTest_editTask.java:95)
	at sun.reflect.NativeMethodAccessorImpl.invoke0(Native Method)
	at sun.reflect.NativeMethodAccessorImpl.invoke(NativeMethodAccessorImpl.java:57)
	at sun.reflect.DelegatingMethodAccessorImpl.invoke(DelegatingMethodAccessorImpl.java:43)
	at java.lang.reflect.Method.invoke(Method.java:606)
	at org.testng.internal.MethodInvocationHelper.invokeMethod(MethodInvocationHelper.java:84)
	at org.testng.internal.Invoker.invokeConfigurationMethod(Invoker.java:564)
	at org.testng.internal.Invoker.invokeConfigurations(Invoker.java:213)
	at org.testng.internal.Invoker.invokeMethod(Invoker.java:653)
	at org.testng.internal.Invoker.invokeTestMethod(Invoker.java:901)
	at org.testng.internal.Invoker.invokeTestMethods(Invoker.java:1231)
	at org.testng.internal.TestMethodWorker.invokeTestMethods(TestMethodWorker.java:127)
	at org.testng.internal.TestMethodWorker.run(TestMethodWorker.java:111)
	at org.testng.TestRunner.privateRun(TestRunner.java:767)
	at org.testng.TestRunner.run(TestRunner.java:617)
	at org.testng.SuiteRunner.runTest(SuiteRunner.java:334)
	at org.testng.SuiteRunner.runSequentially(SuiteRunner.java:329)
	at org.testng.SuiteRunner.privateRun(SuiteRunner.java:291)
	at org.testng.SuiteRunner.run(SuiteRunner.java:240)
	at org.testng.SuiteRunnerWorker.runSuite(SuiteRunnerWorker.java:52)
	at org.testng.SuiteRunnerWorker.run(SuiteRunnerWorker.java:86)
	at org.testng.TestNG.runSuitesSequentially(TestNG.java:1224)
	at org.testng.TestNG.runSuitesLocally(TestNG.java:1149)
	at org.testng.TestNG.run(TestNG.java:1057)
	at org.testng.remote.RemoteTestNG.run(RemoteTestNG.java:111)
	at org.testng.remote.RemoteTestNG.initAndRun(RemoteTestNG.java:204)
	at org.testng.remote.RemoteTestNG.main(RemoteTestNG.java:175)
Caused by: org.openqa.selenium.safari.ConnectionClosedException: The underlying channel was closed
Build info: version: '2.41.0', revision: '3192d8a6c4449dc285928ba024779344f5423c58', time: '2014-03-27 11:29:39'
System info: host: 'Dorotheas-MacBook-Air.local', ip: '192.168.1.10', os.name: 'Mac OS X', os.arch: 'x86_64', os.version: '10.9.2', java.version: '1.7.0_45'
Driver info: driver.version: unknown
	at org.openqa.selenium.safari.WebSocketConnection$2.operationComplete(WebSocketConnection.java:79)
	at org.jboss.netty.channel.DefaultChannelFuture.notifyListener(DefaultChannelFuture.java:428)
	at org.jboss.netty.channel.DefaultChannelFuture.notifyListeners(DefaultChannelFuture.java:419)
	at org.jboss.netty.channel.DefaultChannelFuture.setSuccess(DefaultChannelFuture.java:363)
	at org.jboss.netty.channel.AbstractChannel$ChannelCloseFuture.setClosed(AbstractChannel.java:353)
	at org.jboss.netty.channel.AbstractChannel.setClosed(AbstractChannel.java:183)
	at org.jboss.netty.channel.socket.nio.AbstractNioChannel.setClosed(AbstractNioChannel.java:200)
	at org.jboss.netty.channel.socket.nio.NioSocketChannel.setClosed(NioSocketChannel.java:85)
	at org.jboss.netty.channel.socket.nio.AbstractNioWorker.close(AbstractNioWorker.java:613)
	at org.jboss.netty.channel.socket.nio.NioWorker.read(NioWorker.java:98)
	at org.jboss.netty.channel.socket.nio.AbstractNioWorker.processSelectedKeys(AbstractNioWorker.java:373)
	at org.jboss.netty.channel.socket.nio.AbstractNioWorker.run(AbstractNioWorker.java:247)
	at org.jboss.netty.channel.socket.nio.NioWorker.run(NioWorker.java:35)
	at org.jboss.netty.util.ThreadRenamingRunnable.run(ThreadRenamingRunnable.java:102)
	at org.jboss.netty.util.internal.DeadLockProofWorker$1.run(DeadLockProofWorker.java:42)
	at java.util.concurrent.ThreadPoolExecutor.runWorker(ThreadPoolExecutor.java:1145)
	at java.util.concurrent.ThreadPoolExecutor$Worker.run(ThreadPoolExecutor.java:615)
	at java.lang.Thread.run(Thread.java:744)
]]>
    </failure>
  </testcase> <!-- @BeforeMethod beforeMethod -->
  <testcase name="@AfterMethod afterMethod" time="0.0" classname="seleniumTest.safariTest.SafariTest_editTask">
    <skipped/>
  </testcase> <!-- @AfterMethod afterMethod -->
  <testcase name="@BeforeMethod beforeMethod" time="0.0" classname="seleniumTest.safariTest.SafariTest_editTask">
    <skipped/>
  </testcase> <!-- @BeforeMethod beforeMethod -->
  <testcase name="@AfterMethod afterMethod" time="0.0" classname="seleniumTest.safariTest.SafariTest_editTask">
    <skipped/>
  </testcase> <!-- @AfterMethod afterMethod -->
  <testcase name="@BeforeMethod beforeMethod" time="0.0" classname="seleniumTest.safariTest.SafariTest_editTask">
    <skipped/>
  </testcase> <!-- @BeforeMethod beforeMethod -->
  <testcase name="@AfterMethod afterMethod" time="0.0" classname="seleniumTest.safariTest.SafariTest_editTask">
    <skipped/>
  </testcase> <!-- @AfterMethod afterMethod -->
  <testcase name="@BeforeMethod beforeMethod" time="0.0" classname="seleniumTest.safariTest.SafariTest_editTask">
    <skipped/>
  </testcase> <!-- @BeforeMethod beforeMethod -->
  <testcase name="@AfterMethod afterMethod" time="0.0" classname="seleniumTest.safariTest.SafariTest_editTask">
    <skipped/>
  </testcase> <!-- @AfterMethod afterMethod -->
  <testcase name="@BeforeMethod beforeMethod" time="0.0" classname="seleniumTest.safariTest.SafariTest_editTask">
    <skipped/>
  </testcase> <!-- @BeforeMethod beforeMethod -->
  <testcase name="@AfterMethod afterMethod" time="0.0" classname="seleniumTest.safariTest.SafariTest_editTask">
    <skipped/>
  </testcase> <!-- @AfterMethod afterMethod -->
  <testcase name="@BeforeClass beforeClass" time="0.0" classname="seleniumTest.safariTest.SafariTest_editIssue">
    <failure type="org.openqa.selenium.remote.UnreachableBrowserException" message="Error communicating with the remote browser. It may have died.
Build info: version: &amp;apos;2.41.0&amp;apos;, revision: &amp;apos;3192d8a6c4449dc285928ba024779344f5423c58&amp;apos;, time: &amp;apos;2014-03-27 11:29:39&amp;apos;
System info: host: &amp;apos;Dorotheas-MacBook-Air.local&amp;apos;, ip: &amp;apos;192.168.1.10&amp;apos;, os.name: &amp;apos;Mac OS X&amp;apos;, os.arch: &amp;apos;x86_64&amp;apos;, os.version: &amp;apos;10.9.2&amp;apos;, java.version: &amp;apos;1.7.0_45&amp;apos;
Driver info: driver.version: RemoteWebDriver">
      <![CDATA[org.openqa.selenium.remote.UnreachableBrowserException: Error communicating with the remote browser. It may have died.
Build info: version: '2.41.0', revision: '3192d8a6c4449dc285928ba024779344f5423c58', time: '2014-03-27 11:29:39'
System info: host: 'Dorotheas-MacBook-Air.local', ip: '192.168.1.10', os.name: 'Mac OS X', os.arch: 'x86_64', os.version: '10.9.2', java.version: '1.7.0_45'
Driver info: driver.version: RemoteWebDriver
	at org.openqa.selenium.remote.RemoteWebDriver.execute(RemoteWebDriver.java:589)
	at org.openqa.selenium.remote.RemoteWebDriver.get(RemoteWebDriver.java:300)
	at seleniumTest.WebDriver.WebDriverTest_editIssue.beforeMethod(WebDriverTest_editIssue.java:57)
	at seleniumTest.WebDriver.WebDriverTest_editIssue.beforeClass(WebDriverTest_editIssue.java:69)
	at sun.reflect.NativeMethodAccessorImpl.invoke0(Native Method)
	at sun.reflect.NativeMethodAccessorImpl.invoke(NativeMethodAccessorImpl.java:57)
	at sun.reflect.DelegatingMethodAccessorImpl.invoke(DelegatingMethodAccessorImpl.java:43)
	at java.lang.reflect.Method.invoke(Method.java:606)
	at org.testng.internal.MethodInvocationHelper.invokeMethod(MethodInvocationHelper.java:84)
	at org.testng.internal.Invoker.invokeConfigurationMethod(Invoker.java:564)
	at org.testng.internal.Invoker.invokeConfigurations(Invoker.java:213)
	at org.testng.internal.Invoker.invokeConfigurations(Invoker.java:138)
	at org.testng.internal.TestMethodWorker.invokeBeforeClassMethods(TestMethodWorker.java:175)
	at org.testng.internal.TestMethodWorker.run(TestMethodWorker.java:107)
	at org.testng.TestRunner.privateRun(TestRunner.java:767)
	at org.testng.TestRunner.run(TestRunner.java:617)
	at org.testng.SuiteRunner.runTest(SuiteRunner.java:334)
	at org.testng.SuiteRunner.runSequentially(SuiteRunner.java:329)
	at org.testng.SuiteRunner.privateRun(SuiteRunner.java:291)
	at org.testng.SuiteRunner.run(SuiteRunner.java:240)
	at org.testng.SuiteRunnerWorker.runSuite(SuiteRunnerWorker.java:52)
	at org.testng.SuiteRunnerWorker.run(SuiteRunnerWorker.java:86)
	at org.testng.TestNG.runSuitesSequentially(TestNG.java:1224)
	at org.testng.TestNG.runSuitesLocally(TestNG.java:1149)
	at org.testng.TestNG.run(TestNG.java:1057)
	at org.testng.remote.RemoteTestNG.run(RemoteTestNG.java:111)
	at org.testng.remote.RemoteTestNG.initAndRun(RemoteTestNG.java:204)
	at org.testng.remote.RemoteTestNG.main(RemoteTestNG.java:175)
Caused by: org.openqa.selenium.safari.ConnectionClosedException: The underlying channel was closed
Build info: version: '2.41.0', revision: '3192d8a6c4449dc285928ba024779344f5423c58', time: '2014-03-27 11:29:39'
System info: host: 'Dorotheas-MacBook-Air.local', ip: '192.168.1.10', os.name: 'Mac OS X', os.arch: 'x86_64', os.version: '10.9.2', java.version: '1.7.0_45'
Driver info: driver.version: unknown
	at org.openqa.selenium.safari.WebSocketConnection$2.operationComplete(WebSocketConnection.java:79)
	at org.jboss.netty.channel.DefaultChannelFuture.notifyListener(DefaultChannelFuture.java:428)
	at org.jboss.netty.channel.DefaultChannelFuture.notifyListeners(DefaultChannelFuture.java:419)
	at org.jboss.netty.channel.DefaultChannelFuture.setSuccess(DefaultChannelFuture.java:363)
	at org.jboss.netty.channel.AbstractChannel$ChannelCloseFuture.setClosed(AbstractChannel.java:353)
	at org.jboss.netty.channel.AbstractChannel.setClosed(AbstractChannel.java:183)
	at org.jboss.netty.channel.socket.nio.AbstractNioChannel.setClosed(AbstractNioChannel.java:200)
	at org.jboss.netty.channel.socket.nio.NioSocketChannel.setClosed(NioSocketChannel.java:85)
	at org.jboss.netty.channel.socket.nio.AbstractNioWorker.close(AbstractNioWorker.java:613)
	at org.jboss.netty.channel.socket.nio.NioWorker.read(NioWorker.java:98)
	at org.jboss.netty.channel.socket.nio.AbstractNioWorker.processSelectedKeys(AbstractNioWorker.java:373)
	at org.jboss.netty.channel.socket.nio.AbstractNioWorker.run(AbstractNioWorker.java:247)
	at org.jboss.netty.channel.socket.nio.NioWorker.run(NioWorker.java:35)
	at org.jboss.netty.util.ThreadRenamingRunnable.run(ThreadRenamingRunnable.java:102)
	at org.jboss.netty.util.internal.DeadLockProofWorker$1.run(DeadLockProofWorker.java:42)
	at java.util.concurrent.ThreadPoolExecutor.runWorker(ThreadPoolExecutor.java:1145)
	at java.util.concurrent.ThreadPoolExecutor$Worker.run(ThreadPoolExecutor.java:615)
	at java.lang.Thread.run(Thread.java:744)
]]>
    </failure>
  </testcase> <!-- @BeforeClass beforeClass -->
  <testcase name="@BeforeMethod beforeMethod" time="0.0" classname="seleniumTest.safariTest.SafariTest_editIssue">
    <skipped/>
  </testcase> <!-- @BeforeMethod beforeMethod -->
  <testcase name="@AfterMethod afterMethod" time="0.0" classname="seleniumTest.safariTest.SafariTest_editIssue">
    <skipped/>
  </testcase> <!-- @AfterMethod afterMethod -->
  <testcase name="@BeforeMethod beforeMethod" time="0.0" classname="seleniumTest.safariTest.SafariTest_editIssue">
    <skipped/>
  </testcase> <!-- @BeforeMethod beforeMethod -->
  <testcase name="@AfterMethod afterMethod" time="0.0" classname="seleniumTest.safariTest.SafariTest_editIssue">
    <skipped/>
  </testcase> <!-- @AfterMethod afterMethod -->
  <testcase name="@BeforeMethod beforeMethod" time="0.0" classname="seleniumTest.safariTest.SafariTest_editIssue">
    <skipped/>
  </testcase> <!-- @BeforeMethod beforeMethod -->
  <testcase name="@AfterMethod afterMethod" time="0.0" classname="seleniumTest.safariTest.SafariTest_editIssue">
    <skipped/>
  </testcase> <!-- @AfterMethod afterMethod -->
  <testcase name="@BeforeMethod beforeMethod" time="0.0" classname="seleniumTest.safariTest.SafariTest_editIssue">
    <skipped/>
  </testcase> <!-- @BeforeMethod beforeMethod -->
  <testcase name="@AfterMethod afterMethod" time="0.0" classname="seleniumTest.safariTest.SafariTest_editIssue">
    <skipped/>
  </testcase> <!-- @AfterMethod afterMethod -->
  <testcase name="@BeforeMethod beforeMethod" time="0.0" classname="seleniumTest.safariTest.SafariTest_createTask">
    <failure type="org.openqa.selenium.remote.UnreachableBrowserException" message="Error communicating with the remote browser. It may have died.
Build info: version: &amp;apos;2.41.0&amp;apos;, revision: &amp;apos;3192d8a6c4449dc285928ba024779344f5423c58&amp;apos;, time: &amp;apos;2014-03-27 11:29:39&amp;apos;
System info: host: &amp;apos;Dorotheas-MacBook-Air.local&amp;apos;, ip: &amp;apos;192.168.1.10&amp;apos;, os.name: &amp;apos;Mac OS X&amp;apos;, os.arch: &amp;apos;x86_64&amp;apos;, os.version: &amp;apos;10.9.2&amp;apos;, java.version: &amp;apos;1.7.0_45&amp;apos;
Driver info: driver.version: RemoteWebDriver">
      <![CDATA[org.openqa.selenium.remote.UnreachableBrowserException: Error communicating with the remote browser. It may have died.
Build info: version: '2.41.0', revision: '3192d8a6c4449dc285928ba024779344f5423c58', time: '2014-03-27 11:29:39'
System info: host: 'Dorotheas-MacBook-Air.local', ip: '192.168.1.10', os.name: 'Mac OS X', os.arch: 'x86_64', os.version: '10.9.2', java.version: '1.7.0_45'
Driver info: driver.version: RemoteWebDriver
	at org.openqa.selenium.remote.RemoteWebDriver.execute(RemoteWebDriver.java:589)
	at org.openqa.selenium.remote.RemoteWebDriver.get(RemoteWebDriver.java:300)
	at seleniumTest.WebDriver.WebDriverTest_createTask.beforeMethod(WebDriverTest_createTask.java:265)
	at sun.reflect.NativeMethodAccessorImpl.invoke0(Native Method)
	at sun.reflect.NativeMethodAccessorImpl.invoke(NativeMethodAccessorImpl.java:57)
	at sun.reflect.DelegatingMethodAccessorImpl.invoke(DelegatingMethodAccessorImpl.java:43)
	at java.lang.reflect.Method.invoke(Method.java:606)
	at org.testng.internal.MethodInvocationHelper.invokeMethod(MethodInvocationHelper.java:84)
	at org.testng.internal.Invoker.invokeConfigurationMethod(Invoker.java:564)
	at org.testng.internal.Invoker.invokeConfigurations(Invoker.java:213)
	at org.testng.internal.Invoker.invokeMethod(Invoker.java:653)
	at org.testng.internal.Invoker.invokeTestMethod(Invoker.java:901)
	at org.testng.internal.Invoker.invokeTestMethods(Invoker.java:1231)
	at org.testng.internal.TestMethodWorker.invokeTestMethods(TestMethodWorker.java:127)
	at org.testng.internal.TestMethodWorker.run(TestMethodWorker.java:111)
	at org.testng.TestRunner.privateRun(TestRunner.java:767)
	at org.testng.TestRunner.run(TestRunner.java:617)
	at org.testng.SuiteRunner.runTest(SuiteRunner.java:334)
	at org.testng.SuiteRunner.runSequentially(SuiteRunner.java:329)
	at org.testng.SuiteRunner.privateRun(SuiteRunner.java:291)
	at org.testng.SuiteRunner.run(SuiteRunner.java:240)
	at org.testng.SuiteRunnerWorker.runSuite(SuiteRunnerWorker.java:52)
	at org.testng.SuiteRunnerWorker.run(SuiteRunnerWorker.java:86)
	at org.testng.TestNG.runSuitesSequentially(TestNG.java:1224)
	at org.testng.TestNG.runSuitesLocally(TestNG.java:1149)
	at org.testng.TestNG.run(TestNG.java:1057)
	at org.testng.remote.RemoteTestNG.run(RemoteTestNG.java:111)
	at org.testng.remote.RemoteTestNG.initAndRun(RemoteTestNG.java:204)
	at org.testng.remote.RemoteTestNG.main(RemoteTestNG.java:175)
Caused by: org.openqa.selenium.safari.ConnectionClosedException: The underlying channel was closed
Build info: version: '2.41.0', revision: '3192d8a6c4449dc285928ba024779344f5423c58', time: '2014-03-27 11:29:39'
System info: host: 'Dorotheas-MacBook-Air.local', ip: '192.168.1.10', os.name: 'Mac OS X', os.arch: 'x86_64', os.version: '10.9.2', java.version: '1.7.0_45'
Driver info: driver.version: unknown
	at org.openqa.selenium.safari.WebSocketConnection$2.operationComplete(WebSocketConnection.java:79)
	at org.jboss.netty.channel.DefaultChannelFuture.notifyListener(DefaultChannelFuture.java:428)
	at org.jboss.netty.channel.DefaultChannelFuture.notifyListeners(DefaultChannelFuture.java:419)
	at org.jboss.netty.channel.DefaultChannelFuture.setSuccess(DefaultChannelFuture.java:363)
	at org.jboss.netty.channel.AbstractChannel$ChannelCloseFuture.setClosed(AbstractChannel.java:353)
	at org.jboss.netty.channel.AbstractChannel.setClosed(AbstractChannel.java:183)
	at org.jboss.netty.channel.socket.nio.AbstractNioChannel.setClosed(AbstractNioChannel.java:200)
	at org.jboss.netty.channel.socket.nio.NioSocketChannel.setClosed(NioSocketChannel.java:85)
	at org.jboss.netty.channel.socket.nio.AbstractNioWorker.close(AbstractNioWorker.java:613)
	at org.jboss.netty.channel.socket.nio.NioWorker.read(NioWorker.java:98)
	at org.jboss.netty.channel.socket.nio.AbstractNioWorker.processSelectedKeys(AbstractNioWorker.java:373)
	at org.jboss.netty.channel.socket.nio.AbstractNioWorker.run(AbstractNioWorker.java:247)
	at org.jboss.netty.channel.socket.nio.NioWorker.run(NioWorker.java:35)
	at org.jboss.netty.util.ThreadRenamingRunnable.run(ThreadRenamingRunnable.java:102)
	at org.jboss.netty.util.internal.DeadLockProofWorker$1.run(DeadLockProofWorker.java:42)
	at java.util.concurrent.ThreadPoolExecutor.runWorker(ThreadPoolExecutor.java:1145)
	at java.util.concurrent.ThreadPoolExecutor$Worker.run(ThreadPoolExecutor.java:615)
	at java.lang.Thread.run(Thread.java:744)
]]>
    </failure>
  </testcase> <!-- @BeforeMethod beforeMethod -->
  <testcase name="@AfterMethod afterMethod" time="0.0" classname="seleniumTest.safariTest.SafariTest_createTask">
    <skipped/>
  </testcase> <!-- @AfterMethod afterMethod -->
  <testcase name="@BeforeMethod beforeMethod" time="0.0" classname="seleniumTest.safariTest.SafariTest_createTask">
    <skipped/>
  </testcase> <!-- @BeforeMethod beforeMethod -->
  <testcase name="@AfterMethod afterMethod" time="0.0" classname="seleniumTest.safariTest.SafariTest_createTask">
    <skipped/>
  </testcase> <!-- @AfterMethod afterMethod -->
  <testcase name="@BeforeMethod beforeMethod" time="0.0" classname="seleniumTest.safariTest.SafariTest_createTask">
    <skipped/>
  </testcase> <!-- @BeforeMethod beforeMethod -->
  <testcase name="@AfterMethod afterMethod" time="0.0" classname="seleniumTest.safariTest.SafariTest_createTask">
    <skipped/>
  </testcase> <!-- @AfterMethod afterMethod -->
  <testcase name="@BeforeMethod beforeMethod" time="0.0" classname="seleniumTest.safariTest.SafariTest_createTask">
    <skipped/>
  </testcase> <!-- @BeforeMethod beforeMethod -->
  <testcase name="@AfterMethod afterMethod" time="0.0" classname="seleniumTest.safariTest.SafariTest_createTask">
    <skipped/>
  </testcase> <!-- @AfterMethod afterMethod -->
  <testcase name="@BeforeMethod beforeMethod" time="0.0" classname="seleniumTest.safariTest.SafariTest_createTask">
    <skipped/>
  </testcase> <!-- @BeforeMethod beforeMethod -->
  <testcase name="@AfterMethod afterMethod" time="0.0" classname="seleniumTest.safariTest.SafariTest_createTask">
    <skipped/>
  </testcase> <!-- @AfterMethod afterMethod -->
  <testcase name="@BeforeMethod beforeMethod" time="0.0" classname="seleniumTest.safariTest.SafariTest_createTask">
    <skipped/>
  </testcase> <!-- @BeforeMethod beforeMethod -->
  <testcase name="@AfterMethod afterMethod" time="0.0" classname="seleniumTest.safariTest.SafariTest_createTask">
    <skipped/>
  </testcase> <!-- @AfterMethod afterMethod -->
  <testcase name="@BeforeMethod beforeMethod" time="0.0" classname="seleniumTest.safariTest.SafariTest_createTask">
    <skipped/>
  </testcase> <!-- @BeforeMethod beforeMethod -->
  <testcase name="@AfterMethod afterMethod" time="0.0" classname="seleniumTest.safariTest.SafariTest_createTask">
    <skipped/>
  </testcase> <!-- @AfterMethod afterMethod -->
  <testcase name="@BeforeMethod beforeMethod" time="0.0" classname="seleniumTest.safariTest.SafariTest_createTask">
    <skipped/>
  </testcase> <!-- @BeforeMethod beforeMethod -->
  <testcase name="@AfterMethod afterMethod" time="0.0" classname="seleniumTest.safariTest.SafariTest_createTask">
    <skipped/>
  </testcase> <!-- @AfterMethod afterMethod -->
  <testcase name="@BeforeMethod beforeMethod" time="0.0" classname="seleniumTest.safariTest.SafariTest_createTask">
    <skipped/>
  </testcase> <!-- @BeforeMethod beforeMethod -->
  <testcase name="@AfterMethod afterMethod" time="0.0" classname="seleniumTest.safariTest.SafariTest_createTask">
    <skipped/>
  </testcase> <!-- @AfterMethod afterMethod -->
  <testcase name="@BeforeMethod beforeMethod" time="0.0" classname="seleniumTest.safariTest.SafariTest_createTask">
    <skipped/>
  </testcase> <!-- @BeforeMethod beforeMethod -->
  <testcase name="@AfterMethod afterMethod" time="0.0" classname="seleniumTest.safariTest.SafariTest_createTask">
    <skipped/>
  </testcase> <!-- @AfterMethod afterMethod -->
  <testcase name="@BeforeMethod beforeMethod" time="0.0" classname="seleniumTest.safariTest.SafariTest_createTask">
    <skipped/>
  </testcase> <!-- @BeforeMethod beforeMethod -->
  <testcase name="@AfterMethod afterMethod" time="0.0" classname="seleniumTest.safariTest.SafariTest_createTask">
    <skipped/>
  </testcase> <!-- @AfterMethod afterMethod -->
  <testcase name="@BeforeMethod beforeMethod" time="0.0" classname="seleniumTest.safariTest.SafariTest_createTask">
    <skipped/>
  </testcase> <!-- @BeforeMethod beforeMethod -->
  <testcase name="@AfterMethod afterMethod" time="0.0" classname="seleniumTest.safariTest.SafariTest_createTask">
    <skipped/>
  </testcase> <!-- @AfterMethod afterMethod -->
  <testcase name="@BeforeMethod beforeMethod" time="0.0" classname="seleniumTest.safariTest.SafariTest_createTask">
    <skipped/>
  </testcase> <!-- @BeforeMethod beforeMethod -->
  <testcase name="@AfterMethod afterMethod" time="0.0" classname="seleniumTest.safariTest.SafariTest_createTask">
    <skipped/>
  </testcase> <!-- @AfterMethod afterMethod -->
  <testcase name="@BeforeMethod beforeMethod" time="0.0" classname="seleniumTest.safariTest.SafariTest_createTask">
    <skipped/>
  </testcase> <!-- @BeforeMethod beforeMethod -->
  <testcase name="@AfterMethod afterMethod" time="0.0" classname="seleniumTest.safariTest.SafariTest_createTask">
    <skipped/>
  </testcase> <!-- @AfterMethod afterMethod -->
  <testcase name="@BeforeMethod beforeMethod" time="0.0" classname="seleniumTest.safariTest.SafariTest_overview">
    <failure type="org.openqa.selenium.remote.UnreachableBrowserException" message="Error communicating with the remote browser. It may have died.
Build info: version: &amp;apos;2.41.0&amp;apos;, revision: &amp;apos;3192d8a6c4449dc285928ba024779344f5423c58&amp;apos;, time: &amp;apos;2014-03-27 11:29:39&amp;apos;
System info: host: &amp;apos;Dorotheas-MacBook-Air.local&amp;apos;, ip: &amp;apos;192.168.1.10&amp;apos;, os.name: &amp;apos;Mac OS X&amp;apos;, os.arch: &amp;apos;x86_64&amp;apos;, os.version: &amp;apos;10.9.2&amp;apos;, java.version: &amp;apos;1.7.0_45&amp;apos;
Driver info: driver.version: RemoteWebDriver">
      <![CDATA[org.openqa.selenium.remote.UnreachableBrowserException: Error communicating with the remote browser. It may have died.
Build info: version: '2.41.0', revision: '3192d8a6c4449dc285928ba024779344f5423c58', time: '2014-03-27 11:29:39'
System info: host: 'Dorotheas-MacBook-Air.local', ip: '192.168.1.10', os.name: 'Mac OS X', os.arch: 'x86_64', os.version: '10.9.2', java.version: '1.7.0_45'
Driver info: driver.version: RemoteWebDriver
	at org.openqa.selenium.remote.RemoteWebDriver.execute(RemoteWebDriver.java:589)
	at org.openqa.selenium.remote.RemoteWebDriver.get(RemoteWebDriver.java:300)
	at seleniumTest.WebDriver.WebDriverTest_overview.beforeMethod(WebDriverTest_overview.java:79)
	at sun.reflect.NativeMethodAccessorImpl.invoke0(Native Method)
	at sun.reflect.NativeMethodAccessorImpl.invoke(NativeMethodAccessorImpl.java:57)
	at sun.reflect.DelegatingMethodAccessorImpl.invoke(DelegatingMethodAccessorImpl.java:43)
	at java.lang.reflect.Method.invoke(Method.java:606)
	at org.testng.internal.MethodInvocationHelper.invokeMethod(MethodInvocationHelper.java:84)
	at org.testng.internal.Invoker.invokeConfigurationMethod(Invoker.java:564)
	at org.testng.internal.Invoker.invokeConfigurations(Invoker.java:213)
	at org.testng.internal.Invoker.invokeMethod(Invoker.java:653)
	at org.testng.internal.Invoker.invokeTestMethod(Invoker.java:901)
	at org.testng.internal.Invoker.invokeTestMethods(Invoker.java:1231)
	at org.testng.internal.TestMethodWorker.invokeTestMethods(TestMethodWorker.java:127)
	at org.testng.internal.TestMethodWorker.run(TestMethodWorker.java:111)
	at org.testng.TestRunner.privateRun(TestRunner.java:767)
	at org.testng.TestRunner.run(TestRunner.java:617)
	at org.testng.SuiteRunner.runTest(SuiteRunner.java:334)
	at org.testng.SuiteRunner.runSequentially(SuiteRunner.java:329)
	at org.testng.SuiteRunner.privateRun(SuiteRunner.java:291)
	at org.testng.SuiteRunner.run(SuiteRunner.java:240)
	at org.testng.SuiteRunnerWorker.runSuite(SuiteRunnerWorker.java:52)
	at org.testng.SuiteRunnerWorker.run(SuiteRunnerWorker.java:86)
	at org.testng.TestNG.runSuitesSequentially(TestNG.java:1224)
	at org.testng.TestNG.runSuitesLocally(TestNG.java:1149)
	at org.testng.TestNG.run(TestNG.java:1057)
	at org.testng.remote.RemoteTestNG.run(RemoteTestNG.java:111)
	at org.testng.remote.RemoteTestNG.initAndRun(RemoteTestNG.java:204)
	at org.testng.remote.RemoteTestNG.main(RemoteTestNG.java:175)
Caused by: org.openqa.selenium.safari.ConnectionClosedException: The underlying channel was closed
Build info: version: '2.41.0', revision: '3192d8a6c4449dc285928ba024779344f5423c58', time: '2014-03-27 11:29:39'
System info: host: 'Dorotheas-MacBook-Air.local', ip: '192.168.1.10', os.name: 'Mac OS X', os.arch: 'x86_64', os.version: '10.9.2', java.version: '1.7.0_45'
Driver info: driver.version: unknown
	at org.openqa.selenium.safari.WebSocketConnection$2.operationComplete(WebSocketConnection.java:79)
	at org.jboss.netty.channel.DefaultChannelFuture.notifyListener(DefaultChannelFuture.java:428)
	at org.jboss.netty.channel.DefaultChannelFuture.notifyListeners(DefaultChannelFuture.java:419)
	at org.jboss.netty.channel.DefaultChannelFuture.setSuccess(DefaultChannelFuture.java:363)
	at org.jboss.netty.channel.AbstractChannel$ChannelCloseFuture.setClosed(AbstractChannel.java:353)
	at org.jboss.netty.channel.AbstractChannel.setClosed(AbstractChannel.java:183)
	at org.jboss.netty.channel.socket.nio.AbstractNioChannel.setClosed(AbstractNioChannel.java:200)
	at org.jboss.netty.channel.socket.nio.NioSocketChannel.setClosed(NioSocketChannel.java:85)
	at org.jboss.netty.channel.socket.nio.AbstractNioWorker.close(AbstractNioWorker.java:613)
	at org.jboss.netty.channel.socket.nio.NioWorker.read(NioWorker.java:98)
	at org.jboss.netty.channel.socket.nio.AbstractNioWorker.processSelectedKeys(AbstractNioWorker.java:373)
	at org.jboss.netty.channel.socket.nio.AbstractNioWorker.run(AbstractNioWorker.java:247)
	at org.jboss.netty.channel.socket.nio.NioWorker.run(NioWorker.java:35)
	at org.jboss.netty.util.ThreadRenamingRunnable.run(ThreadRenamingRunnable.java:102)
	at org.jboss.netty.util.internal.DeadLockProofWorker$1.run(DeadLockProofWorker.java:42)
	at java.util.concurrent.ThreadPoolExecutor.runWorker(ThreadPoolExecutor.java:1145)
	at java.util.concurrent.ThreadPoolExecutor$Worker.run(ThreadPoolExecutor.java:615)
	at java.lang.Thread.run(Thread.java:744)
]]>
    </failure>
  </testcase> <!-- @BeforeMethod beforeMethod -->
  <testcase name="@AfterMethod afterMethod" time="0.0" classname="seleniumTest.safariTest.SafariTest_overview">
    <skipped/>
  </testcase> <!-- @AfterMethod afterMethod -->
  <testcase name="@BeforeMethod beforeMethod" time="0.0" classname="seleniumTest.safariTest.SafariTest_overview">
    <skipped/>
  </testcase> <!-- @BeforeMethod beforeMethod -->
  <testcase name="@AfterMethod afterMethod" time="0.0" classname="seleniumTest.safariTest.SafariTest_overview">
    <skipped/>
  </testcase> <!-- @AfterMethod afterMethod -->
  <testcase name="@BeforeMethod beforeMethod" time="0.0" classname="seleniumTest.safariTest.SafariTest_overview">
    <skipped/>
  </testcase> <!-- @BeforeMethod beforeMethod -->
  <testcase name="@AfterMethod afterMethod" time="0.0" classname="seleniumTest.safariTest.SafariTest_overview">
    <skipped/>
  </testcase> <!-- @AfterMethod afterMethod -->
  <testcase name="@BeforeMethod beforeMethod" time="0.0" classname="seleniumTest.safariTest.SafariTest_overview">
    <skipped/>
  </testcase> <!-- @BeforeMethod beforeMethod -->
  <testcase name="@AfterMethod afterMethod" time="0.0" classname="seleniumTest.safariTest.SafariTest_overview">
    <skipped/>
  </testcase> <!-- @AfterMethod afterMethod -->
  <testcase name="activeEventTask" time="0.001" classname="seleniumTest.safariTest.SafariTest_editTask">
    <skipped/>
  </testcase> <!-- activeEventTask -->
  <testcase name="activeTimeTask" time="0.001" classname="seleniumTest.safariTest.SafariTest_editTask">
    <skipped/>
  </testcase> <!-- activeTimeTask -->
  <testcase name="deactiveEventTask" time="0.001" classname="seleniumTest.safariTest.SafariTest_editTask">
    <skipped/>
  </testcase> <!-- deactiveEventTask -->
  <testcase name="deactiveTimeTask" time="0.001" classname="seleniumTest.safariTest.SafariTest_editTask">
    <skipped/>
  </testcase> <!-- deactiveTimeTask -->
  <testcase name="showFireTime" time="0.002" classname="seleniumTest.safariTest.SafariTest_editTask">
    <skipped/>
  </testcase> <!-- showFireTime -->
  <testcase name="editIssue" time="0.001" classname="seleniumTest.safariTest.SafariTest_editIssue">
    <skipped/>
  </testcase> <!-- editIssue -->
  <testcase name="editIssueStatus" time="0.001" classname="seleniumTest.safariTest.SafariTest_editIssue">
    <skipped/>
  </testcase> <!-- editIssueStatus -->
  <testcase name="editResolutionOfClosedIssue" time="0.007" classname="seleniumTest.safariTest.SafariTest_editIssue">
    <skipped/>
  </testcase> <!-- editResolutionOfClosedIssue -->
  <testcase name="editResolutionOfNoClosedIssue" time="0.002" classname="seleniumTest.safariTest.SafariTest_editIssue">
    <skipped/>
  </testcase> <!-- editResolutionOfNoClosedIssue -->
  <testcase name="createEventTaskBreak" time="0.001" classname="seleniumTest.safariTest.SafariTest_createTask">
    <skipped/>
  </testcase> <!-- createEventTaskBreak -->
  <testcase name="createTaskBreak" time="0.001" classname="seleniumTest.safariTest.SafariTest_createTask">
    <skipped/>
  </testcase> <!-- createTaskBreak -->
  <testcase name="createTimeTaskBreak" time="0.0" classname="seleniumTest.safariTest.SafariTest_createTask">
    <skipped/>
  </testcase> <!-- createTimeTaskBreak -->
  <testcase name="savaTaskNoIssue" time="0.001" classname="seleniumTest.safariTest.SafariTest_createTask">
    <skipped/>
  </testcase> <!-- savaTaskNoIssue -->
  <testcase name="saveEventTaskNoEvent" time="0.003" classname="seleniumTest.safariTest.SafariTest_createTask">
    <skipped/>
  </testcase> <!-- saveEventTaskNoEvent -->
  <testcase name="saveEventTaskValid" time="0.001" classname="seleniumTest.safariTest.SafariTest_createTask">
    <skipped/>
  </testcase> <!-- saveEventTaskValid -->
  <testcase name="saveTaskNoSelect" time="0.001" classname="seleniumTest.safariTest.SafariTest_createTask">
    <skipped/>
  </testcase> <!-- saveTaskNoSelect -->
  <testcase name="saveTimeTaskNoDescription" time="0.001" classname="seleniumTest.safariTest.SafariTest_createTask">
    <skipped/>
  </testcase> <!-- saveTimeTaskNoDescription -->
  <testcase name="saveTimeTaskNoName" time="0.0" classname="seleniumTest.safariTest.SafariTest_createTask">
    <skipped/>
  </testcase> <!-- saveTimeTaskNoName -->
  <testcase name="saveTimeTaskNoTime" time="0.001" classname="seleniumTest.safariTest.SafariTest_createTask">
    <skipped/>
  </testcase> <!-- saveTimeTaskNoTime -->
  <testcase name="saveTimeTaskNothing" time="0.001" classname="seleniumTest.safariTest.SafariTest_createTask">
    <skipped/>
  </testcase> <!-- saveTimeTaskNothing -->
  <testcase name="saveTimeTaskValidNoLoop" time="0.0" classname="seleniumTest.safariTest.SafariTest_createTask">
    <skipped/>
  </testcase> <!-- saveTimeTaskValidNoLoop -->
  <testcase name="saveTimeTaskValidWithLoop" time="0.003" classname="seleniumTest.safariTest.SafariTest_createTask">
    <skipped/>
  </testcase> <!-- saveTimeTaskValidWithLoop -->
  <testcase name="selectIssueBreak" time="0.001" classname="seleniumTest.safariTest.SafariTest_createTask">
    <skipped/>
  </testcase> <!-- selectIssueBreak -->
  <testcase name="filterWithDone" time="0.001" classname="seleniumTest.safariTest.SafariTest_overview">
    <skipped/>
  </testcase> <!-- filterWithDone -->
  <testcase name="filterWithImProgress" time="0.0" classname="seleniumTest.safariTest.SafariTest_overview">
    <skipped/>
  </testcase> <!-- filterWithImProgress -->
  <testcase name="filterWithTodo" time="0.002" classname="seleniumTest.safariTest.SafariTest_overview">
    <skipped/>
  </testcase> <!-- filterWithTodo -->
  <testcase name="openTaskUebersicht" time="0.001" classname="seleniumTest.safariTest.SafariTest_overview">
    <skipped/>
  </testcase> <!-- openTaskUebersicht -->
</testsuite> <!-- Default test -->
